This is LuaHBTeX, Version 1.12.0 (TeX Live 2020/W32TeX)  (format=lualatex 2021.2.19)  23 APR 2023 14:15
 system commands enabled.
 file:line:error style messages enabled.
**"c:/Users/rainl/OneDrive - University of Cambridge/Internship/thesis/thesis.tex"
("c:/Users/rainl/OneDrive - University of Cambridge/Internship/thesis/thesis.tex"
LaTeX2e <2020-10-01> patch level 4
Lua module: luaotfload 2021-01-08 3.17 Lua based OpenType font support
Lua module: lualibs 2020-12-30 2.73 ConTeXt Lua standard libraries.
Lua module: lualibs-extended 2020-12-30 2.73 ConTeXt Lua libraries -- extended collection.
luaotfload | conf : Root cache directory is "C:/texlive/2020/texmf-var/luatex-cache/generic/names".
luaotfload | init : Loading fontloader "fontloader-2021-01-07.lua" from kpse-resolved path "c:/texlive/2020/texmf-dist/tex/luatex/luaotfload/fontloader-2021-01-07.lua".
Lua-only attribute luaotfload@noligature = 1
Lua-only attribute luaotfload@syllabe = 2
luaotfload | init : Context OpenType loader version 0x1.8e76c8b439581p+1
Inserting `luaotfload.node_processor' at position 1 in `pre_linebreak_filter'.
Inserting `luaotfload.node_processor' at position 1 in `hpack_filter'.
Inserting `luaotfload.glyph_stream' at position 1 in `glyph_stream_provider'.
Inserting `luaotfload.define_font' at position 1 in `define_font'.
Lua-only attribute luaotfload_color_attribute = 3
luaotfload | conf : Root cache directory is "C:/texlive/2020/texmf-var/luatex-cache/generic/names".
Inserting `luaotfload.harf.strip_prefix' at position 1 in `find_opentype_file'.
Inserting `luaotfload.harf.strip_prefix' at position 1 in `find_truetype_file'.
Inserting `luaotfload.harf.finalize_vlist' at position 1 in `post_linebreak_filter'.
Inserting `luaotfload.harf.finalize_hlist' at position 2 in `hpack_filter'.
Inserting `luaotfload.cleanup_files' at position 1 in `wrapup_run'.
Inserting `luaotfload.harf.finalize_unicode' at position 1 in `finish_pdffile'.
Inserting `luaotfload.glyphinfo' at position 1 in `glyph_info'.
Inserting `luaotfload.aux.set_sscale_dimens' at position 1 in `luaotfload.patch_font'.
Inserting `luaotfload.aux.set_font_index' at position 2 in `luaotfload.patch_font'.
Inserting `luaotfload.aux.patch_cambria_domh' at position 3 in `luaotfload.patch_font'.
Inserting `luaotfload.aux.fixup_fontdata' at position 1 in `luaotfload.patch_font_unsafe'.
Inserting `luaotfload.aux.set_capheight' at position 4 in `luaotfload.patch_font'.
Inserting `luaotfload.aux.set_xheight' at position 5 in `luaotfload.patch_font'.
Inserting `luaotfload.rewrite_fontname' at position 6 in `luaotfload.patch_font'. L3 programming layer <2021-02-18> ("c:/Users/rainl/OneDrive - University of Cambridge/Internship/thesis/Classes/PhDThesisPSnPDF.cls"
Document Class: Classes/PhDThesisPSnPDF 2016/04/23 A PhD thesis class file by Krishna Kumar (v2.3.1)
https://github.com/kks32/phd-thesis-template/
(c:/texlive/2020/texmf-dist/tex/latex/base/book.cls
Document Class: book 2020/04/10 v1.4m Standard LaTeX document class
(c:/texlive/2020/texmf-dist/tex/latex/base/bk12.clo
File: bk12.clo 2020/04/10 v1.4m Standard LaTeX file (size option)
luaotfload | db : Font names database loaded from C:/texlive/2020/texmf-var/luatex-cache/generic/names/luaotfload-names.luc)
\c@part=\count175
\c@chapter=\count176
\c@section=\count177
\c@subsection=\count178
\c@subsubsection=\count179
\c@paragraph=\count180
\c@subparagraph=\count181
\c@figure=\count182
\c@table=\count183
\abovecaptionskip=\skip47
\belowcaptionskip=\skip48
\bibindent=\dimen138
) (c:/texlive/2020/texmf-dist/tex/latex/graphics/lscape.sty
Package: lscape 2020/05/28 v3.02 Landscape Pages (DPC)
 (c:/texlive/2020/texmf-dist/tex/latex/graphics/graphics.sty
Package: graphics 2020/08/30 v1.4c Standard LaTeX Graphics (DPC,SPQR)
 (c:/texlive/2020/texmf-dist/tex/latex/graphics/trig.sty
Package: trig 2016/01/03 v1.10 sin cos tan (DPC)
) (c:/texlive/2020/texmf-dist/tex/latex/graphics-cfg/graphics.cfg
File: graphics.cfg 2016/06/04 v1.11 sample graphics configuration
)
Package graphics Info: Driver file: luatex.def on input line 105.
 (c:/texlive/2020/texmf-dist/tex/latex/graphics-def/luatex.def
File: luatex.def 2020/10/05 v1.2a Graphics/color driver for luatex
))) (c:/texlive/2020/texmf-dist/tex/latex/setspace/setspace.sty
Package: setspace 2011/12/19 v6.7a set line spacing
) (c:/texlive/2020/texmf-dist/tex/latex/tools/calc.sty
Package: calc 2017/05/25 v4.3 Infix arithmetic (KKT,FJ)
\calc@Acount=\count184
\calc@Bcount=\count185
\calc@Adimen=\dimen139
\calc@Bdimen=\dimen140
\calc@Askip=\skip49
\calc@Bskip=\skip50
LaTeX Info: Redefining \setlength on input line 80.
LaTeX Info: Redefining \addtolength on input line 81.
\calc@Ccount=\count186
\calc@Cskip=\skip51
) (c:/texlive/2020/texmf-dist/tex/latex/base/ifthen.sty
Package: ifthen 2014/09/29 v1.1c Standard LaTeX ifthen package (DPC)
) (c:/texlive/2020/texmf-dist/tex/generic/iftex/ifpdf.sty
Package: ifpdf 2019/10/25 v3.4 ifpdf legacy package. Use iftex instead.
 (c:/texlive/2020/texmf-dist/tex/generic/iftex/iftex.sty
Package: iftex 2020/03/06 v1.0d TeX engine tests
)) (c:/texlive/2020/texmf-dist/tex/generic/iftex/ifxetex.sty
Package: ifxetex 2019/10/25 v0.7 ifxetex legacy package. Use iftex instead.
) (c:/texlive/2020/texmf-dist/tex/generic/iftex/ifluatex.sty
Package: ifluatex 2019/10/25 v1.5 ifluatex legacy package. Use iftex instead.
) (c:/texlive/2020/texmf-dist/tex/latex/tocbibind/tocbibind.sty
Package: tocbibind 2010/10/13 v1.5k extra ToC listings
Package tocbibind Info: The document has chapter divisions on input line 50.


Package tocbibind Note: Using chapter style headings, unless overridden.

) (c:/texlive/2020/texmf-dist/tex/latex/appendix/appendix.sty
Package: appendix 2020/02/08 v1.2c extra appendix facilities
\c@@pps=\count187
\c@@ppsavesec=\count188
\c@@ppsaveapp=\count189
) (c:/texlive/2020/texmf-dist/tex/latex/graphics/color.sty
Package: color 2020/02/24 v1.2b Standard LaTeX Color (DPC)
 (c:/texlive/2020/texmf-dist/tex/latex/graphics-cfg/color.cfg
File: color.cfg 2016/01/02 v1.6 sample color configuration
)
Package color Info: Driver file: luatex.def on input line 147.
 (c:/texlive/2020/texmf-dist/tex/latex/graphics/dvipsnam.def
File: dvipsnam.def 2016/06/17 v3.0m Driver-dependent file (DPC,SPQR)
)) (c:/texlive/2020/texmf-dist/tex/latex/epstopdf-pkg/epstopdf.sty
Package: epstopdf 2020-01-24 v2.11 Conversion with epstopdf on the fly (HO)
 (c:/texlive/2020/texmf-dist/tex/generic/infwarerr/infwarerr.sty
Package: infwarerr 2019/12/03 v1.5 Providing info/warning/error messages (HO)
) (c:/texlive/2020/texmf-dist/tex/latex/grfext/grfext.sty
Package: grfext 2019/12/03 v1.3 Manage graphics extensions (HO)
 (c:/texlive/2020/texmf-dist/tex/generic/kvdefinekeys/kvdefinekeys.sty
Package: kvdefinekeys 2019-12-19 v1.6 Define keys (HO)
)) (c:/texlive/2020/texmf-dist/tex/latex/kvoptions/kvoptions.sty
Package: kvoptions 2020-10-07 v3.14 Key value format for package options (HO)
 (c:/texlive/2020/texmf-dist/tex/latex/graphics/keyval.sty
Package: keyval 2014/10/28 v1.15 key=value parser (DPC)
\KV@toks@=\toks15
) (c:/texlive/2020/texmf-dist/tex/generic/ltxcmds/ltxcmds.sty
Package: ltxcmds 2020-05-10 v1.25 LaTeX kernel commands for general use (HO)
) (c:/texlive/2020/texmf-dist/tex/generic/kvsetkeys/kvsetkeys.sty
Package: kvsetkeys 2019/12/15 v1.18 Key value parser (HO)
)) (c:/texlive/2020/texmf-dist/tex/generic/pdftexcmds/pdftexcmds.sty
Package: pdftexcmds 2020-06-27 v0.33 Utility functions of pdfTeX for LuaTeX (HO)
Package pdftexcmds Info: \pdf@primitive is available.
Package pdftexcmds Info: \pdf@ifprimitive is available.
Package pdftexcmds Info: \pdfdraftmode found.
\pdftexcmds@toks=\toks16
) (c:/texlive/2020/texmf-dist/tex/latex/epstopdf-pkg/epstopdf-base.sty
Package: epstopdf-base 2020-01-24 v2.11 Base part for package epstopdf
Package epstopdf-base Info: Redefining graphics rule for `.eps' on input line 485.
Package grfext Info: Graphics extension search list:
(grfext)             [.pdf,.png,.jpg,.mps,.jpeg,.jbig2,.jb2,.PDF,.PNG,.JPG,.JPEG,.JBIG2,.JB2,.eps]
(grfext)             \AppendGraphicsExtensions on input line 504.
 (c:/texlive/2020/texmf-dist/tex/latex/latexconfig/epstopdf-sys.cfg
File: epstopdf-sys.cfg 2010/07/13 v1.3 Configuration of (r)epstopdf for TeX Live
))) (c:/texlive/2020/texmf-dist/tex/latex/graphics/graphicx.sty
Package: graphicx 2020/09/09 v1.2b Enhanced LaTeX Graphics (DPC,SPQR)
\Gin@req@height=\dimen141
\Gin@req@width=\dimen142
) (c:/texlive/2020/texmf-dist/tex/latex/datetime/datetime.sty
Package: datetime 2015/03/20 v2.60 Date Time Package
 (c:/texlive/2020/texmf-dist/tex/latex/etoolbox/etoolbox.sty
Package: etoolbox 2020/10/05 v2.5k e-TeX tools for LaTeX (JAW)
\etb@tempcnta=\count190
) (c:/texlive/2020/texmf-dist/tex/latex/fmtcount/fmtcount.sty
Package: fmtcount 2020/01/30 v3.07
 (c:/texlive/2020/texmf-dist/tex/latex/xkeyval/xkeyval.sty
Package: xkeyval 2020/11/20 v2.8 package option processing (HA)
 (c:/texlive/2020/texmf-dist/tex/generic/xkeyval/xkeyval.tex (c:/texlive/2020/texmf-dist/tex/generic/xkeyval/xkvutils.tex
\XKV@toks=\toks17
\XKV@tempa@toks=\toks18
)
\XKV@depth=\count191
File: xkeyval.tex 2014/12/03 v2.7a key=value parser (HA)
)) (c:/texlive/2020/texmf-dist/tex/latex/fmtcount/fcprefix.sty
Package: fcprefix 2012/09/28
 (c:/texlive/2020/texmf-dist/tex/latex/fmtcount/fcnumparser.sty
Package: fcnumparser 2017/06/15
\fc@digit@counter=\count192
)) (c:/texlive/2020/texmf-dist/tex/latex/amsmath/amsgen.sty
File: amsgen.sty 1999/11/30 v2.0 generic functions
\@emptytoks=\toks19
\ex@=\dimen143
)
\c@padzeroesN=\count193
\fc@tmpcatcode=\count194
\@DT@modctr=\count195
\@ordinalctr=\count196
\@orgargctr=\count197
\@strctr=\count198
\@tmpstrctr=\count199
\@DT@loopN=\count266
\@DT@X=\count267
) (c:/texlive/2020/texmf-dist/tex/latex/datetime/datetime-defaults.sty
Package: datetime-defaults 2013/09/10
)
\@day=\count268
\@month=\count269
\@year=\count270
\c@HOUR=\count271
\c@HOURXII=\count272
\c@MINUTE=\count273
\c@TOHOUR=\count274
\c@TOMINUTE=\count275
\c@SECOND=\count276
\currenthour=\count277
\currentminute=\count278
\currentsecond=\count279
Package datetime Info: No datetime.cfg file found, using default settings on input line 308.
\@dtctr=\count280
\dayofyear=\count281
\dayofweek=\count282
LaTeX Info: Redefining \today on input line 736.
\dt@a=\toks20
\dt@b=\toks21
)
\PHD@hour=\count283
\PHD@minute=\count284
 (c:/texlive/2020/texmf-dist/tex/latex/natbib/natbib.sty
Package: natbib 2010/09/13 8.31b (PWD, AO)
\bibhang=\skip52
\bibsep=\skip53
LaTeX Info: Redefining \cite on input line 694.
\c@NAT@ctr=\count285
) (c:/texlive/2020/texmf-dist/tex/latex/base/textcomp.sty
Package: textcomp 2020/02/02 v2.0n Standard LaTeX package
) (c:/texlive/2020/texmf-dist/tex/latex/erewhon-math/fourier-otf.sty
Package: fourier-otf 2020/10/19 0.45
 (c:/texlive/2020/texmf-dist/tex/latex/unicode-math/unicode-math.sty (c:/texlive/2020/texmf-dist/tex/latex/l3kernel/expl3.sty
Package: expl3 2021-02-18 L3 programming layer (loader) 
 (c:/texlive/2020/texmf-dist/tex/latex/l3backend/l3backend-luatex.def
File: l3backend-luatex.def 2021-03-18 L3 backend support: PDF output (LuaTeX)
\l__color_backend_stack_int=\count286
\l__pdf_internal_box=\box47
))
Package: unicode-math 2020/01/31 v0.8q Unicode maths in XeLaTeX and LuaLaTeX
 (c:/texlive/2020/texmf-dist/tex/latex/unicode-math/unicode-math-luatex.sty
Package: unicode-math-luatex 2020/01/31 v0.8q Unicode maths in XeLaTeX and LuaLaTeX
 (c:/texlive/2020/texmf-dist/tex/latex/l3packages/xparse/xparse.sty (c:/texlive/2020/texmf-dist/tex/latex/l3packages/xparse/xparse-2020-10-01.sty (c:/texlive/2020/texmf-dist/tex/latex/l3packages/xparse/xparse-generic.tex))) (c:/texlive/2020/texmf-dist/tex/latex/l3packages/l3keys2e/l3keys2e.sty
Package: l3keys2e 2021-03-12 LaTeX2e option processing using LaTeX3 keys
) (c:/texlive/2020/texmf-dist/tex/latex/fontspec/fontspec.sty
Package: fontspec 2020/02/21 v2.7i Font selection for XeLaTeX and LuaLaTeX
Lua module: fontspec 2020/02/21 2.7i Font selection for XeLaTeX and LuaLaTeX (c:/texlive/2020/texmf-dist/tex/latex/fontspec/fontspec-luatex.sty
Package: fontspec-luatex 2020/02/21 v2.7i Font selection for XeLaTeX and LuaLaTeX
\l__fontspec_script_int=\count287
\l__fontspec_language_int=\count288
\l__fontspec_strnum_int=\count289
\l__fontspec_tmp_int=\count290
\l__fontspec_tmpa_int=\count291
\l__fontspec_tmpb_int=\count292
\l__fontspec_tmpc_int=\count293
\l__fontspec_em_int=\count294
\l__fontspec_emdef_int=\count295
\l__fontspec_strong_int=\count296
\l__fontspec_strongdef_int=\count297
\l__fontspec_tmpa_dim=\dimen144
\l__fontspec_tmpb_dim=\dimen145
\l__fontspec_tmpc_dim=\dimen146
 (c:/texlive/2020/texmf-dist/tex/latex/base/fontenc.sty
Package: fontenc 2020/08/10 v2.0s Standard LaTeX package
) (c:/texlive/2020/texmf-dist/tex/latex/fontspec/fontspec.cfg))) (c:/texlive/2020/texmf-dist/tex/latex/base/fix-cm.sty
Package: fix-cm 2015/01/14 v1.1t fixes to LaTeX
 (c:/texlive/2020/texmf-dist/tex/latex/base/ts1enc.def
File: ts1enc.def 2001/06/05 v3.0e (jk/car/fm) Standard LaTeX file
LaTeX Font Info:    Redeclaring font encoding TS1 on input line 47.
)) (c:/texlive/2020/texmf-dist/tex/latex/amsmath/amsmath.sty
Package: amsmath 2020/09/23 v2.17i AMS math features
\@mathmargin=\skip54

For additional information on amsmath, use the `?' option.
(c:/texlive/2020/texmf-dist/tex/latex/amsmath/amstext.sty
Package: amstext 2000/06/29 v2.01 AMS text
) (c:/texlive/2020/texmf-dist/tex/latex/amsmath/amsbsy.sty
Package: amsbsy 1999/11/29 v1.2d Bold Symbols
\pmbraise@=\dimen147
) (c:/texlive/2020/texmf-dist/tex/latex/amsmath/amsopn.sty
Package: amsopn 2016/03/08 v2.02 operator names
)
\inf@bad=\count298
LaTeX Info: Redefining \frac on input line 236.
\uproot@=\count299
\leftroot@=\count300
LaTeX Info: Redefining \overline on input line 399.
\classnum@=\count301
\DOTSCASE@=\count302
LaTeX Info: Redefining \ldots on input line 496.
LaTeX Info: Redefining \dots on input line 499.
LaTeX Info: Redefining \cdots on input line 620.
\Mathstrutbox@=\box48
\strutbox@=\box49
\big@size=\dimen148
LaTeX Font Info:    Redeclaring font encoding OML on input line 743.
LaTeX Font Info:    Redeclaring font encoding OMS on input line 744.
\macc@depth=\count303
\c@MaxMatrixCols=\count304
\dotsspace@=\muskip16
\c@parentequation=\count305
\dspbrk@lvl=\count306
\tag@help=\toks22
\row@=\count307
\column@=\count308
\maxfields@=\count309
\andhelp@=\toks23
\eqnshift@=\dimen149
\alignsep@=\dimen150
\tagshift@=\dimen151
\tagwidth@=\dimen152
\totwidth@=\dimen153
\lineht@=\dimen154
\@envbody=\toks24
\multlinegap=\skip55
\multlinetaggap=\skip56
\mathdisplay@stack=\toks25
LaTeX Info: Redefining \[ on input line 2923.
LaTeX Info: Redefining \] on input line 2924.
) (c:/texlive/2020/texmf-dist/tex/lualatex/lualatex-math/lualatex-math.sty
Package: lualatex-math 2020/09/25 v1.9 Patches for mathematics typesetting with LuaLaTeX
Lua module: lualatex-math 2013/08/03 1.3 Patches for mathematics typesetting with LuaLaTeX)
\g__um_fam_int=\count310
\g__um_fonts_used_int=\count311
\l__um_primecount_int=\count312
\g__um_primekern_muskip=\muskip17
 (c:/texlive/2020/texmf-dist/tex/latex/unicode-math/unicode-math-table.tex))) (c:/texlive/2020/texmf-dist/tex/latex/fourier/fourier-orns.sty
Package: fourier-orns 2020/03/03 2.2 fourier-ornaments package
luaotfload | aux : font no 26 (nil) defines no feature for script latn
luaotfload | aux : font no 26 (nil) defines no feature for script dflt

Package fontspec Info: Font family 'FourierOrns-Regular.otf(0)' created for
(fontspec)             font 'FourierOrns-Regular.otf' with options [BoldFont =
(fontspec)             FourierOrns-Bold.otf,ItalicFont =
(fontspec)             FourierOrns-Italic.otf,BoldItalicFont =
(fontspec)             FourierOrns-BoldItalic.otf].
(fontspec)              
(fontspec)              This font family consists of the following NFSS
(fontspec)             series/shapes:
(fontspec)              
(fontspec)             - 'normal' (m/n) with NFSS spec.:
(fontspec)             <->"[FourierOrns-Regular.otf]:mode=node;language=dflt;"
(fontspec)             - 'small caps'  (m/sc) with NFSS spec.: 
(fontspec)             - 'bold' (b/n) with NFSS spec.:
(fontspec)             <->"[FourierOrns-Bold.otf]:mode=node;language=dflt;"
(fontspec)             - 'bold small caps'  (b/sc) with NFSS spec.: 
(fontspec)             - 'italic' (m/it) with NFSS spec.:
(fontspec)             <->"[FourierOrns-Italic.otf]:mode=node;language=dflt;"
(fontspec)             - 'italic small caps'  (m/scit) with NFSS spec.: 
(fontspec)             - 'bold italic' (b/it) with NFSS spec.:
(fontspec)             <->"[FourierOrns-BoldItalic.otf]:mode=node;language=dflt;"
(fontspec)             - 'bold italic small caps'  (b/scit) with NFSS spec.: 

)
\FOTtoks=\toks26

Package fontspec Info: Font family 'Erewhon-Math.otf(0)' created for font
(fontspec)             'Erewhon-Math.otf' with options
(fontspec)             [Renderer=Basic,BoldItalicFont={},ItalicFont={},SmallCapsFont={},Script=Math,FontAdjustment={\__um_luatex_copy_fontdimens:
(fontspec)             }].
(fontspec)              
(fontspec)              This font family consists of the following NFSS
(fontspec)             series/shapes:
(fontspec)              
(fontspec)             - 'normal' (m/n) with NFSS spec.:
(fontspec)             <->"[Erewhon-Math.otf]:mode=base;script=math;language=dflt;"
(fontspec)             - 'small caps'  (m/sc) with NFSS spec.: 
(fontspec)             and font adjustment code:
(fontspec)             \__um_luatex_copy_fontdimens: 


Package fontspec Info: Font family 'Erewhon-Math.otf(1)' created for font
(fontspec)             'Erewhon-Math.otf' with options
(fontspec)             [Renderer=Basic,BoldItalicFont={},ItalicFont={},SmallCapsFont={},Script=Math,SizeFeatures={{Size=10.2-},{Size=7.5-10.2,Font=Erewhon-Math.otf,Style=MathScript},{Size=-7.5,Font=Erewhon-Math.otf,Style=MathScriptScript}},FontAdjustment={\__um_luatex_copy_fontdimens:
(fontspec)             }].
(fontspec)              
(fontspec)              This font family consists of the following NFSS
(fontspec)             series/shapes:
(fontspec)              
(fontspec)             - 'normal' (m/n) with NFSS spec.:
(fontspec)             <10.2->"[Erewhon-Math.otf]:mode=base;script=math;language=dflt;"<7.5-10.2>"[Erewhon-Math.otf]:mode=base;script=math;language=dflt;+ssty=0;"<-7.5>"[Erewhon-Math.otf]:mode=base;script=math;language=dflt;+ssty=1;"
(fontspec)             - 'small caps'  (m/sc) with NFSS spec.: 
(fontspec)             and font adjustment code:
(fontspec)             \__um_luatex_copy_fontdimens: 

LaTeX Font Info:    Encoding `OT1' has changed to `TU' for symbol font
(Font)              `operators' in the math version `normal' on input line 35.
LaTeX Font Info:    Overwriting symbol font `operators' in version `normal'
(Font)                  OT1/cmr/m/n --> TU/Erewhon-Math.otf(1)/m/n on input line 35.
LaTeX Font Info:    Encoding `OT1' has changed to `TU' for symbol font
(Font)              `operators' in the math version `bold' on input line 35.
LaTeX Font Info:    Overwriting symbol font `operators' in version `bold'
(Font)                  OT1/cmr/bx/n --> TU/Erewhon-Math.otf(1)/b/n on input line 35.

Package fontspec Info: Erewhon-Math scale = 1.0001.


Package fontspec Info: Erewhon-Math scale = 1.0001.


Package fontspec Info: Erewhon-Math scale = 1.0001.


Package fontspec Info: Erewhon-Math scale = 1.0001.


Package fontspec Info: Font family 'Erewhon-Math.otf(2)' created for font
(fontspec)             'Erewhon-Math.otf' with options
(fontspec)             [Renderer=Basic,BoldItalicFont={},ItalicFont={},SmallCapsFont={},Script=Math,SizeFeatures={{Size=10.2-},{Size=7.5-10.2,Font=Erewhon-Math.otf,Style=MathScript},{Size=-7.5,Font=Erewhon-Math.otf,Style=MathScriptScript}},FontAdjustment={\__um_luatex_copy_fontdimens:
(fontspec)             },ScaleAgain=1.0001,FontAdjustment={\fontdimen 8\font
(fontspec)             =8.30399pt\relax \fontdimen 9\font =4.82399pt\relax
(fontspec)             \fontdimen 10\font =5.448pt\relax \fontdimen 11\font
(fontspec)             =8.41199pt\relax \fontdimen 12\font =4.224pt\relax
(fontspec)             \fontdimen 13\font =4.79999pt\relax \fontdimen 14\font
(fontspec)             =4.79999pt\relax \fontdimen 15\font =3.54pt\relax
(fontspec)             \fontdimen 16\font =2.64pt\relax \fontdimen 17\font
(fontspec)             =2.64pt\relax \fontdimen 18\font =4.728pt\relax
(fontspec)             \fontdimen 19\font =0.612pt\relax \fontdimen 22\font
(fontspec)             =3.18pt\relax \fontdimen 20\font =0pt\relax \fontdimen
(fontspec)             21\font =0pt\relax }].
(fontspec)              
(fontspec)              This font family consists of the following NFSS
(fontspec)             series/shapes:
(fontspec)              
(fontspec)             - 'normal' (m/n) with NFSS spec.:
(fontspec)             <10.2->s*[1.0001]"[Erewhon-Math.otf]:mode=base;script=math;language=dflt;"<7.5-10.2>s*[1.0001]"[Erewhon-Math.otf]:mode=base;script=math;language=dflt;+ssty=0;"<-7.5>s*[1.0001]"[Erewhon-Math.otf]:mode=base;script=math;language=dflt;+ssty=1;"
(fontspec)             - 'small caps'  (m/sc) with NFSS spec.: 
(fontspec)             and font adjustment code:
(fontspec)             \__um_luatex_copy_fontdimens: \fontdimen 8\font
(fontspec)             =8.30399pt\relax \fontdimen 9\font =4.82399pt\relax
(fontspec)             \fontdimen 10\font =5.448pt\relax \fontdimen 11\font
(fontspec)             =8.41199pt\relax \fontdimen 12\font =4.224pt\relax
(fontspec)             \fontdimen 13\font =4.79999pt\relax \fontdimen 14\font
(fontspec)             =4.79999pt\relax \fontdimen 15\font =3.54pt\relax
(fontspec)             \fontdimen 16\font =2.64pt\relax \fontdimen 17\font
(fontspec)             =2.64pt\relax \fontdimen 18\font =4.728pt\relax
(fontspec)             \fontdimen 19\font =0.612pt\relax \fontdimen 22\font
(fontspec)             =3.18pt\relax \fontdimen 20\font =0pt\relax \fontdimen
(fontspec)             21\font =0pt\relax 

LaTeX Font Info:    Encoding `OMS' has changed to `TU' for symbol font
(Font)              `symbols' in the math version `normal' on input line 35.
LaTeX Font Info:    Overwriting symbol font `symbols' in version `normal'
(Font)                  OMS/cmsy/m/n --> TU/Erewhon-Math.otf(2)/m/n on input line 35.
LaTeX Font Info:    Encoding `OMS' has changed to `TU' for symbol font
(Font)              `symbols' in the math version `bold' on input line 35.
LaTeX Font Info:    Overwriting symbol font `symbols' in version `bold'
(Font)                  OMS/cmsy/b/n --> TU/Erewhon-Math.otf(2)/b/n on input line 35.

Package fontspec Info: Erewhon-Math scale = 0.9999.


Package fontspec Info: Erewhon-Math scale = 0.9999.


Package fontspec Info: Erewhon-Math scale = 0.9999.


Package fontspec Info: Erewhon-Math scale = 0.9999.


Package fontspec Info: Font family 'Erewhon-Math.otf(3)' created for font
(fontspec)             'Erewhon-Math.otf' with options
(fontspec)             [Renderer=Basic,BoldItalicFont={},ItalicFont={},SmallCapsFont={},Script=Math,SizeFeatures={{Size=10.2-},{Size=7.5-10.2,Font=Erewhon-Math.otf,Style=MathScript},{Size=-7.5,Font=Erewhon-Math.otf,Style=MathScriptScript}},FontAdjustment={\__um_luatex_copy_fontdimens:
(fontspec)             },ScaleAgain=0.9999,FontAdjustment={\fontdimen 8\font
(fontspec)             =0.65999pt\relax \fontdimen 9\font =1.24799pt\relax
(fontspec)             \fontdimen 10\font =1.88399pt\relax \fontdimen 11\font
(fontspec)             =2.256pt\relax \fontdimen 12\font =6.76799pt\relax
(fontspec)             \fontdimen 13\font =0pt\relax }].
(fontspec)              
(fontspec)              This font family consists of the following NFSS
(fontspec)             series/shapes:
(fontspec)              
(fontspec)             - 'normal' (m/n) with NFSS spec.:
(fontspec)             <10.2->s*[0.9999]"[Erewhon-Math.otf]:mode=base;script=math;language=dflt;"<7.5-10.2>s*[0.9999]"[Erewhon-Math.otf]:mode=base;script=math;language=dflt;+ssty=0;"<-7.5>s*[0.9999]"[Erewhon-Math.otf]:mode=base;script=math;language=dflt;+ssty=1;"
(fontspec)             - 'small caps'  (m/sc) with NFSS spec.: 
(fontspec)             and font adjustment code:
(fontspec)             \__um_luatex_copy_fontdimens: \fontdimen 8\font
(fontspec)             =0.65999pt\relax \fontdimen 9\font =1.24799pt\relax
(fontspec)             \fontdimen 10\font =1.88399pt\relax \fontdimen 11\font
(fontspec)             =2.256pt\relax \fontdimen 12\font =6.76799pt\relax
(fontspec)             \fontdimen 13\font =0pt\relax 

LaTeX Font Info:    Encoding `OMX' has changed to `TU' for symbol font
(Font)              `largesymbols' in the math version `normal' on input line 35.
LaTeX Font Info:    Overwriting symbol font `largesymbols' in version `normal'
(Font)                  OMX/cmex/m/n --> TU/Erewhon-Math.otf(3)/m/n on input line 35.
LaTeX Font Info:    Encoding `OMX' has changed to `TU' for symbol font
(Font)              `largesymbols' in the math version `bold' on input line 35.
LaTeX Font Info:    Overwriting symbol font `largesymbols' in version `bold'
(Font)                  OMX/cmex/m/n --> TU/Erewhon-Math.otf(3)/b/n on input line 35.
LaTeX Font Info:    Font shape `TU/Erewhon-Math.otf(2)/m/n' will be
(Font)              scaled to size 12.00128pt on input line 35.
LaTeX Font Info:    Font shape `TU/Erewhon-Math.otf(2)/m/n' will be
(Font)              scaled to size 8.40088pt on input line 35.
LaTeX Font Info:    Font shape `TU/Erewhon-Math.otf(2)/m/n' will be
(Font)              scaled to size 6.60071pt on input line 35.
LaTeX Font Info:    Font shape `TU/Erewhon-Math.otf(3)/m/n' will be
(Font)              scaled to size 11.99872pt on input line 35.
LaTeX Font Info:    Font shape `TU/Erewhon-Math.otf(3)/m/n' will be
(Font)              scaled to size 8.3991pt on input line 35.
LaTeX Font Info:    Font shape `TU/Erewhon-Math.otf(3)/m/n' will be
(Font)              scaled to size 6.59929pt on input line 35.
 (c:/texlive/2020/texmf-dist/tex/latex/erewhon/erewhon.fontspec)

Package fontspec Info: Font family 'Erewhon(0)' created for font 'Erewhon'
(fontspec)             with options [Ligatures=TeX,Extension =
(fontspec)             .otf,UprightFont = *-Regular,BoldFont =
(fontspec)             *-Bold,ItalicFont = *-Italic,BoldItalicFont =
(fontspec)             *-BoldItalic,SlantedFont =
(fontspec)             *-RegularSlanted,BoldSlantedFont = *-BoldSlanted].
(fontspec)              
(fontspec)              This font family consists of the following NFSS
(fontspec)             series/shapes:
(fontspec)              
(fontspec)             - 'normal' (m/n) with NFSS spec.:
(fontspec)             <->"[Erewhon-Regular.otf]:mode=node;script=latn;language=dflt;+tlig;"
(fontspec)             - 'small caps'  (m/sc) with NFSS spec.:
(fontspec)             <->"[Erewhon-Regular.otf]:mode=node;script=latn;language=dflt;+tlig;+smcp;"
(fontspec)             - 'bold' (b/n) with NFSS spec.:
(fontspec)             <->"[Erewhon-Bold.otf]:mode=node;script=latn;language=dflt;+tlig;"
(fontspec)             - 'bold small caps'  (b/sc) with NFSS spec.:
(fontspec)             <->"[Erewhon-Bold.otf]:mode=node;script=latn;language=dflt;+tlig;+smcp;"
(fontspec)             - 'italic' (m/it) with NFSS spec.:
(fontspec)             <->"[Erewhon-Italic.otf]:mode=node;script=latn;language=dflt;+tlig;"
(fontspec)             - 'italic small caps'  (m/scit) with NFSS spec.:
(fontspec)             <->"[Erewhon-Italic.otf]:mode=node;script=latn;language=dflt;+tlig;+smcp;"
(fontspec)             - 'slanted' (m/sl) with NFSS spec.:
(fontspec)             <->"[Erewhon-RegularSlanted.otf]:mode=node;script=latn;language=dflt;+tlig;"
(fontspec)             - 'slanted small caps'  (m/scsl) with NFSS spec.:
(fontspec)             <->"[Erewhon-RegularSlanted.otf]:mode=node;script=latn;language=dflt;+tlig;+smcp;"
(fontspec)             - 'bold italic' (b/it) with NFSS spec.:
(fontspec)             <->"[Erewhon-BoldItalic.otf]:mode=node;script=latn;language=dflt;+tlig;"
(fontspec)             - 'bold italic small caps'  (b/scit) with NFSS spec.:
(fontspec)             <->"[Erewhon-BoldItalic.otf]:mode=node;script=latn;language=dflt;+tlig;+smcp;"
(fontspec)             - 'bold slanted' (b/sl) with NFSS spec.:
(fontspec)             <->"[Erewhon-BoldSlanted.otf]:mode=node;script=latn;language=dflt;+tlig;"
(fontspec)             - 'bold slanted small caps'  (b/scsl) with NFSS spec.:
(fontspec)             <->"[Erewhon-BoldSlanted.otf]:mode=node;script=latn;language=dflt;+tlig;+smcp;"

 (c:/texlive/2020/texmf-dist/tex/latex/erewhon/erewhon.fontspec)

Package fontspec Info: Font family 'Erewhon(1)' created for font 'Erewhon'
(fontspec)             with options [Renderer=Basic,Extension =
(fontspec)             .otf,UprightFont = *-Regular,BoldFont =
(fontspec)             *-Bold,ItalicFont = *-Italic,BoldItalicFont =
(fontspec)             *-BoldItalic,SlantedFont =
(fontspec)             *-RegularSlanted,BoldSlantedFont = *-BoldSlanted].
(fontspec)              
(fontspec)              This font family consists of the following NFSS
(fontspec)             series/shapes:
(fontspec)              
(fontspec)             - 'normal' (m/n) with NFSS spec.:
(fontspec)             <->"[Erewhon-Regular.otf]:mode=base;script=latn;language=dflt;"
(fontspec)             - 'small caps'  (m/sc) with NFSS spec.:
(fontspec)             <->"[Erewhon-Regular.otf]:mode=base;script=latn;language=dflt;+smcp;"
(fontspec)             - 'bold' (b/n) with NFSS spec.:
(fontspec)             <->"[Erewhon-Bold.otf]:mode=base;script=latn;language=dflt;"
(fontspec)             - 'bold small caps'  (b/sc) with NFSS spec.:
(fontspec)             <->"[Erewhon-Bold.otf]:mode=base;script=latn;language=dflt;+smcp;"
(fontspec)             - 'italic' (m/it) with NFSS spec.:
(fontspec)             <->"[Erewhon-Italic.otf]:mode=base;script=latn;language=dflt;"
(fontspec)             - 'italic small caps'  (m/scit) with NFSS spec.:
(fontspec)             <->"[Erewhon-Italic.otf]:mode=base;script=latn;language=dflt;+smcp;"
(fontspec)             - 'slanted' (m/sl) with NFSS spec.:
(fontspec)             <->"[Erewhon-RegularSlanted.otf]:mode=base;script=latn;language=dflt;"
(fontspec)             - 'slanted small caps'  (m/scsl) with NFSS spec.:
(fontspec)             <->"[Erewhon-RegularSlanted.otf]:mode=base;script=latn;language=dflt;+smcp;"
(fontspec)             - 'bold italic' (b/it) with NFSS spec.:
(fontspec)             <->"[Erewhon-BoldItalic.otf]:mode=base;script=latn;language=dflt;"
(fontspec)             - 'bold italic small caps'  (b/scit) with NFSS spec.:
(fontspec)             <->"[Erewhon-BoldItalic.otf]:mode=base;script=latn;language=dflt;+smcp;"
(fontspec)             - 'bold slanted' (b/sl) with NFSS spec.:
(fontspec)             <->"[Erewhon-BoldSlanted.otf]:mode=base;script=latn;language=dflt;"
(fontspec)             - 'bold slanted small caps'  (b/scsl) with NFSS spec.:
(fontspec)             <->"[Erewhon-BoldSlanted.otf]:mode=base;script=latn;language=dflt;+smcp;"

LaTeX Font Info:    Overwriting math alphabet `\mathrm' in version `normal'
(Font)                  TU/Erewhon-Math.otf(1)/m/n --> TU/Erewhon(1)/m/n on input line 49.
LaTeX Font Info:    Overwriting math alphabet `\mathit' in version `normal'
(Font)                  OT1/cmr/m/it --> TU/Erewhon(1)/m/it on input line 49.
LaTeX Font Info:    Overwriting math alphabet `\mathbf' in version `normal'
(Font)                  OT1/cmr/bx/n --> TU/Erewhon(1)/b/n on input line 49.
) PhDThesisPSnPDF: Using Fourier font (c:/texlive/2020/texmf-dist/tex/latex/hyperref/hyperref.sty
Package: hyperref 2021-02-27 v7.00k Hypertext links for LaTeX
 (c:/texlive/2020/texmf-dist/tex/generic/pdfescape/pdfescape.sty
Package: pdfescape 2019/12/09 v1.15 Implements pdfTeX's escape features (HO)
) (c:/texlive/2020/texmf-dist/tex/latex/hycolor/hycolor.sty
Package: hycolor 2020-01-27 v1.10 Color options for hyperref/bookmark (HO)
) (c:/texlive/2020/texmf-dist/tex/latex/letltxmacro/letltxmacro.sty
Package: letltxmacro 2019/12/03 v1.6 Let assignment for LaTeX macros (HO)
) (c:/texlive/2020/texmf-dist/tex/latex/auxhook/auxhook.sty
Package: auxhook 2019-12-17 v1.6 Hooks for auxiliary files (HO)
)
\@linkdim=\dimen155
\Hy@linkcounter=\count313
\Hy@pagecounter=\count314
 (c:/texlive/2020/texmf-dist/tex/latex/hyperref/pd1enc.def
File: pd1enc.def 2021-02-27 v7.00k Hyperref: PDFDocEncoding definition (HO)
) (c:/texlive/2020/texmf-dist/tex/latex/hyperref/hyperref-langpatches.def
File: hyperref-langpatches.def 2021-02-27 v7.00k Hyperref: patches for babel languages
) (c:/texlive/2020/texmf-dist/tex/generic/intcalc/intcalc.sty
Package: intcalc 2019/12/15 v1.3 Expandable calculations with integers (HO)
) (c:/texlive/2020/texmf-dist/tex/generic/etexcmds/etexcmds.sty
Package: etexcmds 2019/12/15 v1.7 Avoid name clashes with e-TeX commands (HO)
)
\Hy@SavedSpaceFactor=\count315
 (c:/texlive/2020/texmf-dist/tex/latex/hyperref/puenc.def
File: puenc.def 2021-02-27 v7.00k Hyperref: PDF Unicode definition (HO)
)
Package hyperref Info: Option `unicode' set `true' on input line 4073.
Package hyperref Info: Hyper figures OFF on input line 4192.
Package hyperref Info: Link nesting OFF on input line 4197.
Package hyperref Info: Hyper index ON on input line 4200.
Package hyperref Info: Plain pages OFF on input line 4207.
Package hyperref Info: Backreferencing OFF on input line 4212.
Package hyperref Info: Implicit mode ON; LaTeX internals redefined.
Package hyperref Info: Bookmarks ON on input line 4445.
\c@Hy@tempcnt=\count316
 (c:/texlive/2020/texmf-dist/tex/latex/url/url.sty
\Urlmuskip=\muskip18
Package: url 2013/09/16  ver 3.4  Verb mode for urls, etc.
)
LaTeX Info: Redefining \url on input line 4804.
\XeTeXLinkMargin=\dimen156
 (c:/texlive/2020/texmf-dist/tex/generic/bitset/bitset.sty
Package: bitset 2019/12/09 v1.3 Handle bit-vector datatype (HO)
 (c:/texlive/2020/texmf-dist/tex/generic/bigintcalc/bigintcalc.sty
Package: bigintcalc 2019/12/15 v1.5 Expandable calculations on big integers (HO)
))
\Fld@menulength=\count317
\Field@Width=\dimen157
\Fld@charsize=\dimen158
Package hyperref Info: Hyper figures OFF on input line 6075.
Package hyperref Info: Link nesting OFF on input line 6080.
Package hyperref Info: Hyper index ON on input line 6083.
Package hyperref Info: backreferencing OFF on input line 6090.
Package hyperref Info: Link coloring OFF on input line 6095.
Package hyperref Info: Link coloring with OCG OFF on input line 6100.
Package hyperref Info: PDF/A mode OFF on input line 6105.
LaTeX Info: Redefining \ref on input line 6145.
LaTeX Info: Redefining \pageref on input line 6149.
 (c:/texlive/2020/texmf-dist/tex/latex/base/atbegshi-ltx.sty
Package: atbegshi-ltx 2020/08/17 v1.0a Emulation of the original atbegshi package
with kernel methods
)
\Hy@abspage=\count318
\c@Item=\count319
\c@Hfootnote=\count320
)
Package hyperref Info: Driver (autodetected): hluatex.
 (c:/texlive/2020/texmf-dist/tex/latex/hyperref/hluatex.def
File: hluatex.def 2021-02-27 v7.00k Hyperref driver for luaTeX
 (c:/texlive/2020/texmf-dist/tex/generic/stringenc/stringenc.sty
Package: stringenc 2019/11/29 v1.12 Convert strings between diff. encodings (HO)
) (c:/texlive/2020/texmf-dist/tex/latex/base/atveryend-ltx.sty
Package: atveryend-ltx 2020/08/19 v1.0a Emulation of the original atvery package
with kernel methods
)
\Fld@listcount=\count321
\c@bookmark@seq@number=\count322
 (c:/texlive/2020/texmf-dist/tex/latex/rerunfilecheck/rerunfilecheck.sty
Package: rerunfilecheck 2019/12/05 v1.9 Rerun checks for auxiliary files (HO)
 (c:/texlive/2020/texmf-dist/tex/generic/uniquecounter/uniquecounter.sty
Package: uniquecounter 2019/12/15 v1.4 Provide unlimited unique counter (HO)
)
Package uniquecounter Info: New unique counter `rerunfilecheck' on input line 286.
)
\Hy@SectionHShift=\skip57
)
Package hyperref Info: Option `final' set `true' on input line 632.
Package hyperref Info: Option `plainpages' set `false' on input line 632.
Package hyperref Info: Option `pdftoolbar' set `true' on input line 632.
Package hyperref Info: Option `pdfmenubar' set `true' on input line 632.
Package hyperref Info: Option `bookmarksopen' set `true' on input line 632.
Package hyperref Info: Option `bookmarksnumbered' set `true' on input line 632.
Package hyperref Info: Option `breaklinks' set `true' on input line 632.
Package hyperref Info: Option `linktocpage' set `true' on input line 632.
Package hyperref Info: Option `colorlinks' set `true' on input line 632.
 (c:/texlive/2020/texmf-dist/tex/latex/geometry/geometry.sty
Package: geometry 2020/01/02 v5.9 Page Geometry
 (c:/texlive/2020/texmf-dist/tex/generic/iftex/ifvtex.sty
Package: ifvtex 2019/10/25 v1.7 ifvtex legacy package. Use iftex instead.
)
\Gm@cnth=\count323
\Gm@cntv=\count324
\c@Gm@tempcnt=\count325
\Gm@bindingoffset=\dimen159
\Gm@wd@mp=\dimen160
\Gm@odd@mp=\dimen161
\Gm@even@mp=\dimen162
\Gm@layoutwidth=\dimen163
\Gm@layoutheight=\dimen164
\Gm@layouthoffset=\dimen165
\Gm@layoutvoffset=\dimen166
\Gm@dimlist=\toks27
) PhDThesisPSnPDF: The University identity guidelines recommend using left aligned text. Please use `flushleft' in the documentclass option, if you wish to left align your text (c:/texlive/2020/texmf-dist/tex/latex/fancyhdr/fancyhdr.sty
Package: fancyhdr 2021/01/28 v4.0.1 Extensive control of page headers and footers
\f@nch@headwidth=\skip58
\f@nch@O@elh=\skip59
\f@nch@O@erh=\skip60
\f@nch@O@olh=\skip61
\f@nch@O@orh=\skip62
\f@nch@O@elf=\skip63
\f@nch@O@erf=\skip64
\f@nch@O@olf=\skip65
\f@nch@O@orf=\skip66
) (c:/texlive/2020/texmf-dist/tex/latex/nomencl/nomencl.sty
Package: nomencl 2020/12/29 v5.5 Nomenclature package
 (c:/texlive/2020/texmf-dist/tex/latex/koma-script/tocbasic.sty
Package: tocbasic 2021/03/17 v3.33 KOMA-Script package (handling toc-files)
 (c:/texlive/2020/texmf-dist/tex/latex/koma-script/scrbase.sty
Package: scrbase 2021/03/17 v3.33 KOMA-Script package (KOMA-Script-independent basics and keyval usage)
 (c:/texlive/2020/texmf-dist/tex/latex/koma-script/scrlfile.sty
Package: scrlfile 2021/03/17 v3.33 KOMA-Script package (file load hooks)
 (c:/texlive/2020/texmf-dist/tex/latex/koma-script/scrlfile-hook.sty
Package: scrlfile-hook 2021/03/17 v3.33 KOMA-Script package (using LaTeX hooks)
 (c:/texlive/2020/texmf-dist/tex/latex/koma-script/scrlogo.sty
Package: scrlogo 2021/03/17 v3.33 KOMA-Script package (logo)
)))
Skipping: [2021/05/01] Usage of raw option list on input line 252.
Applying: [0000/00/00] compatibility for LaTeX before 2021/05/01 on input line 337.
)
\scr@dte@tocline@numberwidth=\skip67
\scr@dte@tocline@numbox=\box50
)
Package tocbasic Info: babel extension for `nlo' omitted
(tocbasic)             because of missing \bbl@set@language on input line 187.
Package tocbasic Info: babel extension for `nls' omitted
(tocbasic)             because of missing \bbl@set@language on input line 188.
\nomlabelwidth=\dimen167
\nom@tempdim=\dimen168
\nomitemsep=\skip68
)
\@nomenclaturefile=\write3

\openout3 = thesis.nlo
Package nomencl Info: Writing nomenclature file thesis.nlo on input line 1044.
 (c:/texlive/2020/texmf-dist/tex/latex/base/makeidx.sty
Package: makeidx 2014/09/29 v1.0m Standard LaTeX package
)
\@indexfile=\write4

\openout4 = thesis.idx

Writing index file thesis.idx
) ("c:/Users/rainl/OneDrive - University of Cambridge/Internship/thesis/Preamble/preamble.tex" (c:/texlive/2020/texmf-dist/tex/latex/caption/caption.sty
Package: caption 2020/10/26 v3.5g Customizing captions (AR)
 (c:/texlive/2020/texmf-dist/tex/latex/caption/caption3.sty
Package: caption3 2020/10/21 v2.2e caption3 kernel (AR)
\captionmargin=\dimen169
\captionmargin@=\dimen170
\captionwidth=\dimen171
\caption@tempdima=\dimen172
\caption@indent=\dimen173
\caption@parindent=\dimen174
\caption@hangindent=\dimen175
Package caption Info: Standard document class detected.
)
\c@caption@flags=\count326
\c@continuedfloat=\count327
Package caption Info: hyperref package is loaded.
) (c:/texlive/2020/texmf-dist/tex/latex/caption/subcaption.sty
Package: subcaption 2020/10/07 v1.3j Sub-captions (AR)
\c@subfigure=\count328
\c@subtable=\count329
) (c:/texlive/2020/texmf-dist/tex/latex/booktabs/booktabs.sty
Package: booktabs 2020/01/12 v1.61803398 Publication quality tables
\heavyrulewidth=\dimen176
\lightrulewidth=\dimen177
\cmidrulewidth=\dimen178
\belowrulesep=\dimen179
\belowbottomsep=\dimen180
\aboverulesep=\dimen181
\abovetopsep=\dimen182
\cmidrulesep=\dimen183
\cmidrulekern=\dimen184
\defaultaddspace=\dimen185
\@cmidla=\count330
\@cmidlb=\count331
\@aboverulesep=\dimen186
\@belowrulesep=\dimen187
\@thisruleclass=\count332
\@lastruleclass=\count333
\@thisrulewidth=\dimen188
) (c:/texlive/2020/texmf-dist/tex/latex/multirow/multirow.sty
Package: multirow 2021/03/15 v2.8 Span multiple rows of a table
\multirow@colwidth=\skip69
\multirow@cntb=\count334
\multirow@dima=\skip70
\bigstrutjot=\dimen189
) (c:/texlive/2020/texmf-dist/tex/latex/siunitx/siunitx.sty
Package: siunitx 2020/02/25 v2.8b A comprehensive (SI) units package
 (c:/texlive/2020/texmf-dist/tex/latex/tools/array.sty
Package: array 2020/10/01 v2.5c Tabular extension package (FMi)
\col@sep=\dimen190
\ar@mcellbox=\box51
\extrarowheight=\dimen191
\NC@list=\toks28
\extratabsurround=\skip71
\backup@length=\skip72
\ar@cellbox=\box52
)
\l__siunitx_tmp_box=\box53
\l__siunitx_tmp_dim=\dimen192
\l__siunitx_tmp_int=\count335
\l__siunitx_number_mantissa_length_int=\count336
\l__siunitx_number_uncert_length_int=\count337
\l__siunitx_round_int=\count338
\l__siunitx_process_decimal_int=\count339
\l__siunitx_process_uncertainty_int=\count340
\l__siunitx_process_fixed_int=\count341
\l__siunitx_process_integer_min_int=\count342
\l__siunitx_process_precision_int=\count343
\l__siunitx_group_min_int=\count344
\l__siunitx_angle_marker_box=\box54
\l__siunitx_angle_unit_box=\box55
\l__siunitx_angle_marker_dim=\dimen193
\l__siunitx_angle_unit_dim=\dimen194
\l__siunitx_unit_int=\count345
\l__siunitx_unit_denominator_int=\count346
\l__siunitx_unit_numerator_int=\count347
\l__siunitx_unit_prefix_int=\count348
\l__siunitx_unit_prefix_base_int=\count349
\l__siunitx_unit_prefix_gram_int=\count350
\l__siunitx_number_product_int=\count351
\c__siunitx_one_fill_skip=\skip73
\l__siunitx_table_unit_align_skip=\skip74
\l__siunitx_table_exponent_dim=\dimen195
\l__siunitx_table_integer_dim=\dimen196
\l__siunitx_table_mantissa_dim=\dimen197
\l__siunitx_table_marker_dim=\dimen198
\l__siunitx_table_result_dim=\dimen199
\l__siunitx_table_uncert_dim=\dimen256
\l__siunitx_table_fill_pre_dim=\dimen257
\l__siunitx_table_fill_post_dim=\dimen258
\l__siunitx_table_fill_mid_dim=\dimen259
\l__siunitx_table_pre_box=\box56
\l__siunitx_table_post_box=\box57
\l__siunitx_table_mantissa_box=\box58
\l__siunitx_table_result_box=\box59
\l__siunitx_table_number_align_skip=\skip75
\l__siunitx_table_text_align_skip=\skip76
 (c:/texlive/2020/texmf-dist/tex/latex/translator/translator.sty
Package: translator 2020-08-03 v1.12c Easy translation of strings in LaTeX
)) (c:/texlive/2020/texmf-dist/tex/latex/enumitem/enumitem.sty
Package: enumitem 2019/06/20 v3.9 Customized lists
\labelindent=\skip77
\enit@outerparindent=\dimen260
\enit@toks=\toks29
\enit@inbox=\box60
\enit@count@id=\count352
\enitdp@description=\count353
)) ("c:/Users/rainl/OneDrive - University of Cambridge/Internship/thesis/thesis-info.tex") ("c:/Users/rainl/OneDrive - University of Cambridge/Internship/thesis/thesis.aux" ("c:/Users/rainl/OneDrive - University of Cambridge/Internship/thesis/Declaration/declaration.aux") ("c:/Users/rainl/OneDrive - University of Cambridge/Internship/thesis/Acknowledgement/acknowledgement.aux") ("c:/Users/rainl/OneDrive - University of Cambridge/Internship/thesis/Abstract/abstract.aux") ("c:/Users/rainl/OneDrive - University of Cambridge/Internship/thesis/Chapter1/chapter1.aux") ("c:/Users/rainl/OneDrive - University of Cambridge/Internship/thesis/Chapter2/chapter2.aux") ("c:/Users/rainl/OneDrive - University of Cambridge/Internship/thesis/Chapter3/chapter3.aux") ("c:/Users/rainl/OneDrive - University of Cambridge/Internship/thesis/Chapter4/chapter4.aux") ("c:/Users/rainl/OneDrive - University of Cambridge/Internship/thesis/Chapter5/chapter5.aux") ("c:/Users/rainl/OneDrive - University of Cambridge/Internship/thesis/Appendix1/appendix1.aux"))
\openout1 = thesis.aux

LaTeX Font Info:    Checking defaults for OML/cmm/m/it on input line 111.
LaTeX Font Info:    ... okay on input line 111.
LaTeX Font Info:    Checking defaults for OMS/cmsy/m/n on input line 111.
LaTeX Font Info:    ... okay on input line 111.
LaTeX Font Info:    Checking defaults for OT1/cmr/m/n on input line 111.
LaTeX Font Info:    ... okay on input line 111.
LaTeX Font Info:    Checking defaults for T1/cmr/m/n on input line 111.
LaTeX Font Info:    ... okay on input line 111.
LaTeX Font Info:    Checking defaults for TS1/cmr/m/n on input line 111.
LaTeX Font Info:    ... okay on input line 111.
LaTeX Font Info:    Checking defaults for TU/lmr/m/n on input line 111.
LaTeX Font Info:    ... okay on input line 111.
LaTeX Font Info:    Checking defaults for OMX/cmex/m/n on input line 111.
LaTeX Font Info:    ... okay on input line 111.
LaTeX Font Info:    Checking defaults for U/cmr/m/n on input line 111.
LaTeX Font Info:    ... okay on input line 111.
LaTeX Font Info:    Checking defaults for PD1/pdf/m/n on input line 111.
LaTeX Font Info:    ... okay on input line 111.
LaTeX Font Info:    Checking defaults for PU/pdf/m/n on input line 111.
LaTeX Font Info:    ... okay on input line 111.
 (c:/texlive/2020/texmf-dist/tex/context/base/mkii/supp-pdf.mkii
[Loading MPS to PDF converter (version 2006.09.02).]
\scratchcounter=\count354
\scratchdimen=\dimen261
\scratchbox=\box61
\nofMPsegments=\count355
\nofMParguments=\count356
\everyMPshowfont=\toks30
\MPscratchCnt=\count357
\MPscratchDim=\dimen262
\MPnumerator=\count358
\makeMPintoPDFobject=\count359
\everyMPtoPDFconversion=\toks31
) (c:/texlive/2020/texmf-dist/tex/latex/fmtcount/fc-english.def
File: fc-english.def 2016/01/12
)
LaTeX Font Info:    Overwriting math alphabet `\mathsf' in version `normal'
(Font)                  OT1/cmss/m/n --> TU/lmss/m/n on input line 111.
LaTeX Font Info:    Overwriting math alphabet `\mathsf' in version `bold'
(Font)                  OT1/cmss/bx/n --> TU/lmss/b/n on input line 111.
LaTeX Font Info:    Overwriting math alphabet `\mathtt' in version `normal'
(Font)                  OT1/cmtt/m/n --> TU/lmtt/m/n on input line 111.
LaTeX Font Info:    Overwriting math alphabet `\mathtt' in version `bold'
(Font)                  OT1/cmtt/m/n --> TU/lmtt/b/n on input line 111.
Package hyperref Info: Link coloring ON on input line 111.
 (c:/texlive/2020/texmf-dist/tex/latex/hyperref/nameref.sty
Package: nameref 2021-04-02 v2.47 Cross-referencing by name of section
 (c:/texlive/2020/texmf-dist/tex/latex/refcount/refcount.sty
Package: refcount 2019/12/15 v3.6 Data extraction from label references (HO)
) (c:/texlive/2020/texmf-dist/tex/generic/gettitlestring/gettitlestring.sty
Package: gettitlestring 2019/12/15 v1.6 Cleanup title references (HO)
)
\c@section@level=\count360
)
LaTeX Info: Redefining \ref on input line 111.
LaTeX Info: Redefining \pageref on input line 111.
LaTeX Info: Redefining \nameref on input line 111.
 ("c:/Users/rainl/OneDrive - University of Cambridge/Internship/thesis/thesis.out") ("c:/Users/rainl/OneDrive - University of Cambridge/Internship/thesis/thesis.out")
\@outlinefile=\write5

\openout5 = thesis.out

*geometry* driver: auto-detecting
*geometry* detected driver: luatex
*geometry* verbose mode - [ preamble ] result:
* driver: luatex
* paper: a4paper
* layout: <same size as paper>
* layoutoffset:(h,v)=(0.0pt,0.0pt)
* hratio: 1:1
* vratio: 1:1
* bindingoffset: 14.22636pt
* modes: twoside 
* h-part:(L,W,R)=(72.91019pt, 437.46112pt, 72.9102pt)
* v-part:(T,H,B)=(105.63086pt, 633.78513pt, 105.63086pt)
* \paperwidth=597.50787pt
* \paperheight=845.04684pt
* \textwidth=437.46112pt
* \textheight=633.78513pt
* \oddsidemargin=14.86656pt
* \evensidemargin=0.64021pt
* \topmargin=1.48708pt
* \headheight=14.5pt
* \headsep=19.8738pt
* \topskip=12.0pt
* \footskip=30.0pt
* \marginparwidth=88.0pt
* \marginparsep=7.0pt
* \columnsep=10.0pt
* \skip\footins=10.8pt plus 4.0pt minus 2.0pt
* \hoffset=0.0pt
* \voffset=0.0pt
* \mag=1000
* \@twocolumnfalse
* \@twosidetrue
* \@mparswitchtrue
* \@reversemarginfalse
* (1in=72.27pt=25.4mm, 1cm=28.453pt)

Package caption Info: Begin \AtBeginDocument code.
Package caption Info: End \AtBeginDocument code.
(c:/texlive/2020/texmf-dist/tex/latex/siunitx/siunitx-abbreviations.cfg
File: siunitx-abbreviations.cfg 2017/11/26 v2.7k siunitx: Abbreviated units
) (c:/texlive/2020/texmf-dist/tex/latex/translator/translator-basic-dictionary-English.dict
Dictionary: translator-basic-dictionary, Language: English 
)
\PHD@Title=\box62
\PHD@crest=\box63
<Figs//University_Crest.pdf, id=156, 59.22125pt x 69.25874pt>
File: Figs//University_Crest.pdf Graphic file (type pdf)
<use Figs//University_Crest.pdf>
Package luatex.def Info: Figs//University_Crest.pdf  used on input line 115.
(luatex.def)             Requested size: 87.49088pt x 102.32376pt.
\PHD@collegecrest=\box64
\PHD@author=\box65
\PHD@supervisor=\box66
\PHD@advisor=\box67
\PHD@dept=\box68
\PHD@wordcount=\box69
\PHD@submission=\box70
\PHD@collegedate=\box71
\PHD@titlepagespacing=\skip78
 [1


{c:/texlive/2020/texmf-var/fonts/map/pdftex/updmap/pdftex.map}<c:/Users/rainl/OneDrive - University of Cambridge/Internship/thesis/Figs//University_Crest.pdf>]
\openout2 = Declaration/declaration.aux
 ("c:/Users/rainl/OneDrive - University of Cambridge/Internship/thesis/Declaration/declaration.tex" [2


]) [3

]
\openout2 = Acknowledgement/acknowledgement.aux
 ("c:/Users/rainl/OneDrive - University of Cambridge/Internship/thesis/Acknowledgement/acknowledgement.tex" [4




]) [5

]
\openout2 = Abstract/abstract.aux
 ("c:/Users/rainl/OneDrive - University of Cambridge/Internship/thesis/Abstract/abstract.tex" [6




]) [7

] [8



] ("c:/Users/rainl/OneDrive - University of Cambridge/Internship/thesis/thesis.toc"
Overfull \hbox (8.14705pt too wide) in paragraph at lines 24--24
 [][] []\TU/Erewhon(0)/m/n/12 De-tec-tion of fixed points and flows across the fluc-tu-a-tion thresh- 
 []

[9

])
\tf@toc=\write6

\openout6 = thesis.toc
 [10] ("c:/Users/rainl/OneDrive - University of Cambridge/Internship/thesis/thesis.lof"
Overfull \hbox (23.43906pt too wide) in paragraph at lines 9--9
 [][] []\TU/Erewhon(0)/m/n/12 The coun-ter-parts of os-cil-la-tion and stochas-tic switch-ing in non-ultrasensitive 
 []


Overfull \hbox (22.64705pt too wide) in paragraph at lines 10--10
 [][] []\TU/Erewhon(0)/m/n/12 Dif-fer-ent be-haviours of the dual-sigma fac-tor net-work show anti-correlations 
 []


Underfull \hbox (badness 10000) in paragraph at lines 10--10
 [][]  
 []

)
\tf@lof=\write7

\openout7 = thesis.lof
 [11

] [12

] ("c:/Users/rainl/OneDrive - University of Cambridge/Internship/thesis/thesis.lot")
\tf@lot=\write8

\openout8 = thesis.lot
 [13] [14

]
\openout2 = Chapter1/chapter1.aux
 ("c:/Users/rainl/OneDrive - University of Cambridge/Internship/thesis/Chapter1/chapter1.tex"
Chapter 1.
[1


] [2]
Overfull \hbox (1.15416pt too wide) in paragraph at lines 169--194
\TU/Erewhon(0)/m/n/12 (the rest of the holoen-zyme is called the RNA poly-merase core) which di-rects the holoen-
 []

[3]
<Figs//sigB_circuit.pdf, id=364, 489.37129pt x 415.72414pt>
File: Figs//sigB_circuit.pdf Graphic file (type pdf)
<use Figs//sigB_circuit.pdf>
Package luatex.def Info: Figs//sigB_circuit.pdf  used on input line 242.
(luatex.def)             Requested size: 289.07999pt x 245.58594pt.
 [4] [5<c:/Users/rainl/OneDrive - University of Cambridge/Internship/thesis/Figs//sigB_circuit.pdf>]) [6]
\openout2 = Chapter2/chapter2.aux
 ("c:/Users/rainl/OneDrive - University of Cambridge/Internship/thesis/Chapter2/chapter2.tex"
Chapter 2.

Overfull \hbox (7.89516pt too wide) in paragraph at lines 15--15
[]\TU/Erewhon(0)/b/n/17.28 A gen-eral model for the dy-nam-ics of al-ter-na-tive sigma
 []

[7




] [8] [9] [10] [11] [12] [13] [14]
Overfull \hbox (24.66335pt too wide) in paragraph at lines 555--555
[]\TU/Erewhon(0)/b/n/14.4 De-tec-tion of fixed points and flows across the fluc-tu-a-tion thresh-
 []

[15]
<Figs/2_5_algo_example_traj.pdf, id=562, 602.25pt x 401.5pt>
File: Figs/2_5_algo_example_traj.pdf Graphic file (type pdf)
<use Figs/2_5_algo_example_traj.pdf>
Package luatex.def Info: Figs/2_5_algo_example_traj.pdf  used on input line 616.
(luatex.def)             Requested size: 196.85616pt x 131.23949pt.
<Figs/2_5_algo_example_density.pdf, id=563, 602.25pt x 401.5pt>
File: Figs/2_5_algo_example_density.pdf Graphic file (type pdf)
<use Figs/2_5_algo_example_density.pdf>
Package luatex.def Info: Figs/2_5_algo_example_density.pdf  used on input line 622.
(luatex.def)             Requested size: 196.85616pt x 131.23949pt.
<Figs/2_5_algo_example_vf.pdf, id=564, 602.25pt x 602.25pt>
File: Figs/2_5_algo_example_vf.pdf Graphic file (type pdf)
<use Figs/2_5_algo_example_vf.pdf>
Package luatex.def Info: Figs/2_5_algo_example_vf.pdf  used on input line 628.
(luatex.def)             Requested size: 196.85616pt x 196.85924pt.
<Figs/classifier_flowchart_remake.pdf, id=566, 722.7pt x 314.11653pt>
File: Figs/classifier_flowchart_remake.pdf Graphic file (type pdf)
<use Figs/classifier_flowchart_remake.pdf>
Package luatex.def Info: Figs/classifier_flowchart_remake.pdf  used on input line 654.
(luatex.def)             Requested size: 433.62pt x 188.47136pt.
) [16] [17<c:/Users/rainl/OneDrive - University of Cambridge/Internship/thesis/Figs/2_5_algo_example_traj.pdf><c:/Users/rainl/OneDrive - University of Cambridge/Internship/thesis/Figs/2_5_algo_example_density.pdf><c:/Users/rainl/OneDrive - University of Cambridge/Internship/thesis/Figs/2_5_algo_example_vf.pdf>] [18<c:/Users/rainl/OneDrive - University of Cambridge/Internship/thesis/Figs/classifier_flowchart_remake.pdf>]
\openout2 = Chapter3/chapter3.aux
 ("c:/Users/rainl/OneDrive - University of Cambridge/Internship/thesis/Chapter3/chapter3.tex"
Chapter 3.

Overfull \hbox (7.44708pt too wide) in paragraph at lines 14--14
[]\TU/Erewhon(0)/b/n/17.28 Math-e-mat-i-cal model pre-dicts dif-fer-ent dy-nam-i-cal be-
 []


Overfull \hbox (0.43181pt too wide) in paragraph at lines 46--74
[]\TU/Erewhon(0)/m/n/12 Sim-u-lated with the Gille-spie al-go-rithm, the model (Sec-tion [][]2.1[][]) dis-plays a wide range
 []


Overfull \hbox (3.77098pt too wide) in paragraph at lines 46--74
\TU/Erewhon(0)/m/n/12 of dy-nam-i-cal be-haviours when chang-ing the ac-ti-vat-ing and re-pres-sive forces (Fig-ure [][]3.1[][]).
 []

[19




]
Overfull \hbox (8.26779pt too wide) in paragraph at lines 81--83
[]\TU/Erewhon(0)/m/n/12 Stochas-tic anti-pulsing, char-ac-ter-ized by the dom-i-nance of ON-states with stochas-
 []


Overfull \hbox (6.01576pt too wide) in paragraph at lines 85--87
[]\TU/Erewhon(0)/m/n/12 Stochas-tic switch-ing, char-ac-ter-ized by stochas-ti-cally timed switch-ing be-tween ON-
 []

[20]
<Figs/different_behaviours.pdf, id=655, 720.63528pt x 458.9145pt>
File: Figs/different_behaviours.pdf Graphic file (type pdf)
<use Figs/different_behaviours.pdf>
Package luatex.def Info: Figs/different_behaviours.pdf  used on input line 161.
(luatex.def)             Requested size: 433.62pt x 276.1351pt.

Overfull \hbox (10.74489pt too wide) in paragraph at lines 183--203
\TU/Erewhon(0)/m/n/12 of be-haviours across the $\TU/Erewhon-Math.otf(1)/m/n/12 []$\TU/Erewhon(0)/m/n/12 -$\TU/Erewhon-Math.otf(1)/m/n/12 []/[]$ \TU/Erewhon(0)/m/n/12 para-met-ric space with ei-ther $\TU/Erewhon-Math.otf(1)/m/n/12  = 1$ \TU/Erewhon(0)/m/n/12 (non-ultrasensitive)
 []

<Figs/behaviour_mappings_diff_n.pdf, id=658, 927.80928pt x 316.18124pt>
File: Figs/behaviour_mappings_diff_n.pdf Graphic file (type pdf)
<use Figs/behaviour_mappings_diff_n.pdf>
Package luatex.def Info: Figs/behaviour_mappings_diff_n.pdf  used on input line 206.
(luatex.def)             Requested size: 433.62pt x 147.77055pt.
[21]
<Figs/non_ultrasensitive_counterparts.pdf, id=669, 940.08315pt x 373.05072pt>
File: Figs/non_ultrasensitive_counterparts.pdf Graphic file (type pdf)
<use Figs/non_ultrasensitive_counterparts.pdf>
Package luatex.def Info: Figs/non_ultrasensitive_counterparts.pdf  used on input line 266.
(luatex.def)             Requested size: 433.62pt x 172.07217pt.

Underfull \hbox (badness 10000) in paragraph at lines 284--284
[]\TU/Erewhon(0)/m/n/12 Fig. 3.3 |\TU/Erewhon(0)/b/n/12 The coun-ter-parts of os-cil-la-tion and stochas-tic switch-ing in non-
 []


Underfull \hbox (badness 2302) in paragraph at lines 284--284
\TU/Erewhon(0)/b/n/12 ultrasensitive regime. \TU/Erewhon(0)/m/n/12 (A-D) The time-dependent tra-jec-to-ries of os-cil-la-tion (A)
 []

[22<c:/Users/rainl/OneDrive - University of Cambridge/Internship/thesis/Figs/different_behaviours.pdf>] [23<c:/Users/rainl/OneDrive - University of Cambridge/Internship/thesis/Figs/behaviour_mappings_diff_n.pdf><c:/Users/rainl/OneDrive - University of Cambridge/Internship/thesis/Figs/non_ultrasensitive_counterparts.pdf>]
<Figs/time_sharing.pdf, id=902, 1255.43028pt x 623.07079pt>
File: Figs/time_sharing.pdf Graphic file (type pdf)
<use Figs/time_sharing.pdf>
Package luatex.def Info: Figs/time_sharing.pdf  used on input line 333.
(luatex.def)             Requested size: 433.62pt x 215.20683pt.

Underfull \hbox (badness 7030) in paragraph at lines 349--349
[]\TU/Erewhon(0)/m/n/12 Fig. 3.4 |\TU/Erewhon(0)/b/n/12 Dif-fer-ent be-haviours of the dual-sigma fac-tor net-work show anti-
 []

[24

]
Overfull \hbox (12.22302pt too wide) in paragraph at lines 381--408
[]\TU/Erewhon(0)/m/n/12 To ask how the strength of the com-pe-ti-tion af-fects the dy-nam-ics of the non-cooperative
 []

[25<c:/Users/rainl/OneDrive - University of Cambridge/Internship/thesis/Figs/time_sharing.pdf>]
<Figs/forced_bistability.pdf, id=1045, 808.73543pt x 711.55135pt>
File: Figs/forced_bistability.pdf Graphic file (type pdf)
<use Figs/forced_bistability.pdf>
Package luatex.def Info: Figs/forced_bistability.pdf  used on input line 411.
(luatex.def)             Requested size: 433.62pt x 381.51765pt.
<Figs/k1_KS_mapping.pdf, id=1046, 289.08pt x 258.10728pt>
File: Figs/k1_KS_mapping.pdf Graphic file (type pdf)
<use Figs/k1_KS_mapping.pdf>
Package luatex.def Info: Figs/k1_KS_mapping.pdf  used on input line 441.
(luatex.def)             Requested size: 289.07999pt x 258.11845pt.
 [26] [27<c:/Users/rainl/OneDrive - University of Cambridge/Internship/thesis/Figs/forced_bistability.pdf>] [28<c:/Users/rainl/OneDrive - University of Cambridge/Internship/thesis/Figs/k1_KS_mapping.pdf>]
<Figs/strict_zero_bistability.pdf, id=1247, 954.99686pt x 539.50056pt>
File: Figs/strict_zero_bistability.pdf Graphic file (type pdf)
<use Figs/strict_zero_bistability.pdf>
Package luatex.def Info: Figs/strict_zero_bistability.pdf  used on input line 528.
(luatex.def)             Requested size: 433.62pt x 244.96274pt.
) [29

] [30<c:/Users/rainl/OneDrive - University of Cambridge/Internship/thesis/Figs/strict_zero_bistability.pdf>]
\openout2 = Chapter4/chapter4.aux
 ("c:/Users/rainl/OneDrive - University of Cambridge/Internship/thesis/Chapter4/chapter4.tex"
Chapter 4.
[31




] [32] [33]
Overfull \hbox (1.74704pt too wide) in paragraph at lines 272--293
\TU/Erewhon(0)/m/n/12 By sim-u-lat-ing a sim-pli-fied two-component math-e-mat-i-cal model of the al-ter-na-tive sigma
 []

[34] [35]) [36]
\openout2 = Chapter5/chapter5.aux
 ("c:/Users/rainl/OneDrive - University of Cambridge/Internship/thesis/Chapter5/chapter5.tex"
Chapter 5.
) [37




] [38] ("c:/Users/rainl/OneDrive - University of Cambridge/Internship/thesis/thesis.bbl" [39




]
Underfull \hbox (badness 1231) in paragraph at lines 101--107
[]\TU/Erewhon(0)/m/n/12 Jin Park, Marta Dies, Yi-han Lin, Sa-hand Hor-moz, Stephanie E. Smith-Unna,
 []


Underfull \hbox (badness 1383) in paragraph at lines 152--156
[]\TU/Erewhon(0)/m/n/12 A. Du-four and W. G. Halden-wang.  In-ter-ac-tions be-tween a Bacil-lus sub-tilis
 []

[40]
Underfull \hbox (badness 3780) in paragraph at lines 172--177
[]\TU/Erewhon(0)/m/n/12 Luis Ger-ardo Trevio-Quintanilla, Julio Au-gusto Freyre-Gonzlez, and Irma
 []

[41] [42]) [43]
\openout2 = Appendix1/appendix1.aux
 ("c:/Users/rainl/OneDrive - University of Cambridge/Internship/thesis/Appendix1/appendix1.tex" [44


]
Appendix A.
) [45] [46



] ("c:/Users/rainl/OneDrive - University of Cambridge/Internship/thesis/thesis.ind") ("c:/Users/rainl/OneDrive - University of Cambridge/Internship/thesis/thesis.aux" ("c:/Users/rainl/OneDrive - University of Cambridge/Internship/thesis/Declaration/declaration.aux") ("c:/Users/rainl/OneDrive - University of Cambridge/Internship/thesis/Acknowledgement/acknowledgement.aux") ("c:/Users/rainl/OneDrive - University of Cambridge/Internship/thesis/Abstract/abstract.aux") ("c:/Users/rainl/OneDrive - University of Cambridge/Internship/thesis/Chapter1/chapter1.aux") ("c:/Users/rainl/OneDrive - University of Cambridge/Internship/thesis/Chapter2/chapter2.aux") ("c:/Users/rainl/OneDrive - University of Cambridge/Internship/thesis/Chapter3/chapter3.aux") ("c:/Users/rainl/OneDrive - University of Cambridge/Internship/thesis/Chapter4/chapter4.aux") ("c:/Users/rainl/OneDrive - University of Cambridge/Internship/thesis/Chapter5/chapter5.aux") ("c:/Users/rainl/OneDrive - University of Cambridge/Internship/thesis/Appendix1/appendix1.aux"))
Package rerunfilecheck Info: File `thesis.out' has not changed.
(rerunfilecheck)             Checksum: 0125786CDAA1093029EF19F3BDB77D13;9294.
)

Here is how much of LuaTeX's memory you used:
 24759 strings out of 478583
 100000,1144653 words of node,token memory allocated
 5394 words of node memory still in use:
   54 hlist, 13 vlist, 3 rule, 39 disc, 12 local_par, 16 math, 110 glue, 43 kern, 22 penalty, 4 sub_mlist, 302 glyph, 108 attribute, 66 glue_spec, 108 attribute_list, 1 write, 1 pdf_dest, 1 pdf_action, 30 pdf_colorstack, 1 pdf_setmatrix, 1 pdf_save, 1 pdf_restore nodes
   avail lists: 1:1,2:593,3:266,4:184,5:740,6:75,7:9096,8:59,9:494,10:29,11:801
 43118 multiletter control sequences out of 65536+600000
 115 fonts using 18578511 bytes
 128i,18n,142p,1058b,1115s stack positions out of 5000i,500n,10000p,200000b,200000s
<c:/texlive/2020/texmf-dist/fonts/opentype/public/erewhon/Erewhon-Regular.otf><c:/texlive/2020/texmf-dist/fonts/opentype/public/erewhon-math/Erewhon-Math.otf><c:/texlive/2020/texmf-dist/fonts/opentype/public/erewhon/Erewhon-BoldItalic.otf><c:/texlive/2020/texmf-dist/fonts/opentype/public/erewhon-math/Erewhon-Math.otf><c:/texlive/2020/texmf-dist/fonts/opentype/public/erewhon-math/Erewhon-Math.otf><c:/texlive/2020/texmf-dist/fonts/opentype/public/erewhon/Erewhon-Italic.otf><c:/texlive/2020/texmf-dist/fonts/opentype/public/erewhon/Erewhon-Regular.otf><c:/texlive/2020/texmf-dist/fonts/opentype/public/erewhon/Erewhon-Bold.otf>
Output written on thesis.pdf (60 pages, 11706367 bytes).

PDF statistics: 1521 PDF objects out of 1728 (max. 8388607)
 1099 compressed objects within 11 object streams
 206 named destinations out of 1000 (max. 131072)
 305 words of extra memory for PDF output out of 10000 (max. 100000000)

